<?xml version="1.0" encoding="UTF-8"?>
<testng-results skipped="0" failed="0" ignored="0" total="1" passed="1">
  <reporter-output>
  </reporter-output>
  <suite name="ThinkBridge Test Suite" duration-ms="57979" started-at="2021-07-08T10:44:28Z" finished-at="2021-07-08T10:45:26Z">
    <groups>
    </groups>
    <test name="Test Basics 1" duration-ms="57979" started-at="2021-07-08T10:44:28Z" finished-at="2021-07-08T10:45:26Z">
      <class name="com.automation.test.TestCase">
        <test-method status="PASS" signature="StartDriver(java.lang.String)[pri:0, instance:com.automation.test.TestCase@548a9f61]" name="StartDriver" is-config="true" duration-ms="14820" started-at="2021-07-08T10:44:28Z" finished-at="2021-07-08T10:44:43Z">
          <params>
            <param index="0">
              <value>
                <![CDATA[Chrome]]>
              </value>
            </param>
          </params>
          <reporter-output>
          </reporter-output>
        </test-method> <!-- StartDriver -->
        <test-method status="PASS" signature="TestMethod(java.lang.String, java.lang.String, java.lang.String, java.lang.String)[pri:0, instance:com.automation.test.TestCase@548a9f61]" name="TestMethod" duration-ms="41204" started-at="2021-07-08T10:44:43Z" finished-at="2021-07-08T10:45:24Z">
          <params>
            <param index="0">
              <value>
                <![CDATA[English,Dutch]]>
              </value>
            </param>
            <param index="1">
              <value>
                <![CDATA[test]]>
              </value>
            </param>
            <param index="2">
              <value>
                <![CDATA[test]]>
              </value>
            </param>
            <param index="3">
              <value>
                <![CDATA[magesh@gmail.com]]>
              </value>
            </param>
          </params>
          <reporter-output>
          </reporter-output>
        </test-method> <!-- TestMethod -->
        <test-method status="PASS" signature="QuitDriver()[pri:0, instance:com.automation.test.TestCase@548a9f61]" name="QuitDriver" is-config="true" duration-ms="1914" started-at="2021-07-08T10:45:24Z" finished-at="2021-07-08T10:45:26Z">
          <reporter-output>
          </reporter-output>
        </test-method> <!-- QuitDriver -->
      </class> <!-- com.automation.test.TestCase -->
    </test> <!-- Test Basics 1 -->
  </suite> <!-- ThinkBridge Test Suite -->
</testng-results>
